[DEBUG]-[2018-11-12 23:13:54,557]-[root]-[logtest.py:6]-123
[DEBUG]-[2018-11-12 23:13:54,557]-[wyq]-[logtest.py:7]-456
[DEBUG]-[2018-11-12 23:19:16,227]-[root]-[logtest.py:9]-123
[DEBUG]-[2018-11-12 23:19:16,227]-[wyq]-[logtest.py:10]-456
[DEBUG]-[2018-11-12 23:19:25,169]-[root]-[logtest.py:9]-123
[DEBUG]-[2018-11-12 23:19:25,170]-[wyq]-[logtest.py:10]-456
[DEBUG]-[2018-11-12 23:19:41,023]-[root]-[logtest.py:9]-123
[DEBUG]-[2018-11-12 23:19:41,023]-[wyq]-[logtest.py:10]-456
[DEBUG]-[2018-11-12 23:22:11,970]-[root]-[logtest.py:9]-123
[DEBUG]-[2018-11-12 23:22:11,970]-[wyq]-[logtest.py:10]-456
[DEBUG]-[2018-11-12 23:22:11,971]-[root]-[logtest1.py:7]-111111111111
[DEBUG]-[2018-11-12 23:22:25,910]-[root]-[logtest.py:9]-123
[DEBUG]-[2018-11-12 23:22:25,910]-[wyq]-[logtest.py:10]-456
[DEBUG]-[2018-11-12 23:22:25,910]-[wyq]-[logtest1.py:7]-111111111111
[DEBUG]-[2018-11-12 23:22:48,739]-[root]-[logtest.py:9]-123
[DEBUG]-[2018-11-12 23:22:48,740]-[wyq]-[logtest.py:10]-456
[DEBUG]-[2018-11-12 23:22:48,740]-[wyq]-[logtest1.py:7]-111111111111
[DEBUG]-[2018-11-12 23:23:01,869]-[root]-[logtest.py:9]-123
[DEBUG]-[2018-11-12 23:23:01,869]-[wyq]-[logtest.py:10]-456
[DEBUG]-[2018-11-12 23:23:01,869]-[wyq]-[logtest1.py:7]-111111111111
[DEBUG]-[2018-11-12 23:23:04,119]-[root]-[logtest.py:9]-123
[DEBUG]-[2018-11-12 23:23:04,119]-[wyq]-[logtest.py:10]-456
[DEBUG]-[2018-11-12 23:23:04,119]-[wyq]-[logtest1.py:7]-111111111111
[INFO]-[2018-11-12 23:23:22,438]-[root]-[logtest.py:9]-123
[DEBUG]-[2018-11-12 23:23:22,438]-[wyq]-[logtest.py:10]-456
[DEBUG]-[2018-11-12 23:23:22,438]-[wyq]-[logtest1.py:7]-111111111111
[INFO]-[2018-11-12 23:23:28,640]-[root]-[logtest.py:9]-123
[INFO]-[2018-11-12 23:23:28,640]-[wyq]-[logtest.py:10]-456
[DEBUG]-[2018-11-12 23:23:28,640]-[wyq]-[logtest1.py:7]-111111111111
[INFO]-[2018-11-12 23:23:30,986]-[root]-[logtest.py:9]-123
[INFO]-[2018-11-12 23:23:30,987]-[wyq]-[logtest.py:10]-456
[DEBUG]-[2018-11-12 23:23:30,987]-[wyq]-[logtest1.py:7]-111111111111
[INFO]-[2018-11-12 23:23:51,312]-[root]-[logtest.py:9]-123
[DEBUG]-[2018-11-12 23:23:51,312]-[wyq]-[logtest.py:10]-456
[DEBUG]-[2018-11-12 23:23:51,312]-[wyq]-[logtest1.py:7]-111111111111
[DEBUG]-[2018-11-12 23:24:34,266]-[wyq]-[logtest.py:10]-456
[DEBUG]-[2018-11-12 23:24:34,266]-[wyq]-[logtest1.py:7]-111111111111
[DEBUG]-[2018-11-12 23:25:01,229]-[wyq]-[logtest.py:10]-456
[ERROR]-[2018-11-12 23:25:23,663]-[root]-[logtest.py:9]-123
[DEBUG]-[2018-11-12 23:25:23,664]-[wyq]-[logtest.py:10]-456
[ERROR]-[2018-11-14 13:23:06,117]-[root]-[logtest.py:9]-123
[DEBUG]-[2018-11-14 13:23:06,118]-[wyq]-[logtest.py:10]-456
[ERROR]-[2018-11-14 13:23:22,410]-[root]-[logtest.py:9]-123
[DEBUG]-[2018-11-14 13:23:22,410]-[wyq]-[logtest.py:10]-456
[ERROR]-[2018-11-14 13:24:20,405]-[root]-[logtest.py:9]-123
[DEBUG]-[2018-11-14 13:24:20,405]-[wyq]-[logtest.py:10]-456
[ERROR]-[2018-11-14 13:24:43,181]-[root]-[logtest.py:9]-123
[DEBUG]-[2018-11-14 13:24:43,182]-[wyq]-[logtest.py:10]-456
[ERROR]-[2018-11-14 17:27:58,600]-[root]-[logtest.py:9]-123
[DEBUG]-[2018-11-14 17:27:58,600]-[wyq]-[logtest.py:10]-456
[ERROR]-[2018-11-29 09:43:56,056]-[root]-[logtest.py:9]-123
[DEBUG]-[2018-11-29 09:43:56,057]-[wyq]-[logtest.py:10]-456
